[3J[H[2J[0;35m

    ██╗     ██╗   ██╗███╗   ███╗ █████╗ ██╗  ██╗    
    ██║     ██║   ██║████╗ ████║██╔══██╗╚██╗██╔╝    
    ██║     ██║   ██║██╔████╔██║███████║ ╚███╔╝     
    ██║     ██║   ██║██║╚██╔╝██║██╔══██║ ██╔██╗     
    ███████╗╚██████╔╝██║ ╚═╝ ██║██║  ██║██╔╝ ██╗    
    ╚══════╝ ╚═════╝ ╚═╝     ╚═╝╚═╝  ╚═╝╚═╝  ╚═╝    
                                                     
    🌙 NIGHT MASTER v2.0 - EVOLUÇÃO COMPLETA 2026
    ━━━━━━━━━━━━━━━━━━━━━━━━━━━━━━━━━━━━━━━━━━━━━
    
    🎆 VIRADA DE ANO: Treinamento até às 7h
    👨‍💼 Sócio: Francisco (dormindo tranquilo)
    🤖 Controle: Antigravity AI
    
[0m
🚀 Iniciando Night Master v2.0...
📍 Diretório: /Users/franciscotaveira.ads/IAPARAVENDAS/lx-demo-interface
📁 Logs: /Users/franciscotaveira.ads/IAPARAVENDAS/lx-demo-interface/logs/night_20251231_231451
⏰ Hora: 23:14:51
🛑 Parada programada: 7h

━━━━━━━━━━━━━━━━━━━━━━━━━━━━━━━━━━━━━━━━━━━━━━━━━━━━━
[1m🔄 CICLO #1[0m
━━━━━━━━━━━━━━━━━━━━━━━━━━━━━━━━━━━━━━━━━━━━━━━━━━━━━
[0;35m🥋 DOJO: Iniciando batalha adversarial...[0m
[0;32m⚔️  DOJO: Batalha #1 concluída[0m

[0;36m╔════════════════════════════════════════════════════════╗[0m
[0;36m║           📊 STATUS DO TREINAMENTO NOTURNO             ║[0m
[0;36m╠════════════════════════════════════════════════════════╣[0m
[0;36m║[0m  ⏱️  Tempo: [1;37m0h 0m[0m
[0;36m║[0m  ⚔️  Batalhas Dojo:      [0;35m1[0m
[0;36m║[0m  🏛️  Reuniões Council:   [0;36m0[0m
[0;36m║[0m  💬 Simulações:          [0;34m0[0m
[0;36m║[0m  🧬 Evoluções:           [0;32m0[0m
[0;36m║[0m  🛑 Parada:              [1;33m7:00[0m
[0;36m╚════════════════════════════════════════════════════════╝[0m

⏳ Próximo ciclo em 10s...

━━━━━━━━━━━━━━━━━━━━━━━━━━━━━━━━━━━━━━━━━━━━━━━━━━━━━
[1m🔄 CICLO #2[0m
━━━━━━━━━━━━━━━━━━━━━━━━━━━━━━━━━━━━━━━━━━━━━━━━━━━━━
[0;35m🥋 DOJO: Iniciando batalha adversarial...[0m
[0;32m⚔️  DOJO: Batalha #2 concluída[0m
[0;34m🎭 SIMULATOR: Iniciando simulação de conversas...[0m
[0;32m💬 SIMULATOR: +3 conversas simuladas (total: 3)[0m

[0;36m╔════════════════════════════════════════════════════════╗[0m
[0;36m║           📊 STATUS DO TREINAMENTO NOTURNO             ║[0m
[0;36m╠════════════════════════════════════════════════════════╣[0m
[0;36m║[0m  ⏱️  Tempo: [1;37m0h 1m[0m
[0;36m║[0m  ⚔️  Batalhas Dojo:      [0;35m2[0m
[0;36m║[0m  🏛️  Reuniões Council:   [0;36m0[0m
[0;36m║[0m  💬 Simulações:          [0;34m3[0m
[0;36m║[0m  🧬 Evoluções:           [0;32m0[0m
[0;36m║[0m  🛑 Parada:              [1;33m7:00[0m
[0;36m╚════════════════════════════════════════════════════════╝[0m

⏳ Próximo ciclo em 10s...

━━━━━━━━━━━━━━━━━━━━━━━━━━━━━━━━━━━━━━━━━━━━━━━━━━━━━
[1m🔄 CICLO #3[0m
━━━━━━━━━━━━━━━━━━━━━━━━━━━━━━━━━━━━━━━━━━━━━━━━━━━━━
[0;35m🥋 DOJO: Iniciando batalha adversarial...[0m
[0;32m⚔️  DOJO: Batalha #3 concluída[0m
[0;36m🏛️  COUNCIL: Iniciando reunião de agentes...[0m
[0;32m💬 COUNCIL: Reunião #1 concluída[0m

[0;36m╔════════════════════════════════════════════════════════╗[0m
[0;36m║           📊 STATUS DO TREINAMENTO NOTURNO             ║[0m
[0;36m╠════════════════════════════════════════════════════════╣[0m
[0;36m║[0m  ⏱️  Tempo: [1;37m0h 3m[0m
[0;36m║[0m  ⚔️  Batalhas Dojo:      [0;35m3[0m
[0;36m║[0m  🏛️  Reuniões Council:   [0;36m1[0m
[0;36m║[0m  💬 Simulações:          [0;34m3[0m
[0;36m║[0m  🧬 Evoluções:           [0;32m0[0m
[0;36m║[0m  🛑 Parada:              [1;33m7:00[0m
[0;36m╚════════════════════════════════════════════════════════╝[0m

⏳ Próximo ciclo em 10s...

━━━━━━━━━━━━━━━━━━━━━━━━━━━━━━━━━━━━━━━━━━━━━━━━━━━━━
[1m🔄 CICLO #4[0m
━━━━━━━━━━━━━━━━━━━━━━━━━━━━━━━━━━━━━━━━━━━━━━━━━━━━━
[0;35m🥋 DOJO: Iniciando batalha adversarial...[0m
[0;32m⚔️  DOJO: Batalha #4 concluída[0m
[0;34m🎭 SIMULATOR: Iniciando simulação de conversas...[0m
[0;32m💬 SIMULATOR: +3 conversas simuladas (total: 6)[0m

[0;36m╔════════════════════════════════════════════════════════╗[0m
[0;36m║           📊 STATUS DO TREINAMENTO NOTURNO             ║[0m
[0;36m╠════════════════════════════════════════════════════════╣[0m
[0;36m║[0m  ⏱️  Tempo: [1;37m0h 5m[0m
[0;36m║[0m  ⚔️  Batalhas Dojo:      [0;35m4[0m
[0;36m║[0m  🏛️  Reuniões Council:   [0;36m1[0m
[0;36m║[0m  💬 Simulações:          [0;34m6[0m
[0;36m║[0m  🧬 Evoluções:           [0;32m0[0m
[0;36m║[0m  🛑 Parada:              [1;33m7:00[0m
[0;36m╚════════════════════════════════════════════════════════╝[0m

⏳ Próximo ciclo em 10s...

━━━━━━━━━━━━━━━━━━━━━━━━━━━━━━━━━━━━━━━━━━━━━━━━━━━━━
[1m🔄 CICLO #5[0m
━━━━━━━━━━━━━━━━━━━━━━━━━━━━━━━━━━━━━━━━━━━━━━━━━━━━━
[0;35m🥋 DOJO: Iniciando batalha adversarial...[0m
[0;32m⚔️  DOJO: Batalha #5 concluída[0m
[0;32m🧬 EVOLVE: Processando aprendizados...[0m
[0;32m✨ EVOLVE: Ciclo #1 - Agentes evoluídos![0m

[0;36m╔════════════════════════════════════════════════════════╗[0m
[0;36m║           📊 STATUS DO TREINAMENTO NOTURNO             ║[0m
[0;36m╠════════════════════════════════════════════════════════╣[0m
[0;36m║[0m  ⏱️  Tempo: [1;37m0h 6m[0m
[0;36m║[0m  ⚔️  Batalhas Dojo:      [0;35m5[0m
[0;36m║[0m  🏛️  Reuniões Council:   [0;36m1[0m
[0;36m║[0m  💬 Simulações:          [0;34m6[0m
[0;36m║[0m  🧬 Evoluções:           [0;32m1[0m
[0;36m║[0m  🛑 Parada:              [1;33m7:00[0m
[0;36m╚════════════════════════════════════════════════════════╝[0m

⏳ Próximo ciclo em 10s...

━━━━━━━━━━━━━━━━━━━━━━━━━━━━━━━━━━━━━━━━━━━━━━━━━━━━━
[1m🔄 CICLO #6[0m
━━━━━━━━━━━━━━━━━━━━━━━━━━━━━━━━━━━━━━━━━━━━━━━━━━━━━
[0;35m🥋 DOJO: Iniciando batalha adversarial...[0m
[0;32m⚔️  DOJO: Batalha #6 concluída[0m
[0;36m🏛️  COUNCIL: Iniciando reunião de agentes...[0m
[0;32m💬 COUNCIL: Reunião #2 concluída[0m
[0;34m🎭 SIMULATOR: Iniciando simulação de conversas...[0m
[0;32m💬 SIMULATOR: +3 conversas simuladas (total: 9)[0m

[0;36m╔════════════════════════════════════════════════════════╗[0m
[0;36m║           📊 STATUS DO TREINAMENTO NOTURNO             ║[0m
[0;36m╠════════════════════════════════════════════════════════╣[0m
[0;36m║[0m  ⏱️  Tempo: [1;37m0h 8m[0m
[0;36m║[0m  ⚔️  Batalhas Dojo:      [0;35m6[0m
[0;36m║[0m  🏛️  Reuniões Council:   [0;36m2[0m
[0;36m║[0m  💬 Simulações:          [0;34m9[0m
[0;36m║[0m  🧬 Evoluções:           [0;32m1[0m
[0;36m║[0m  🛑 Parada:              [1;33m7:00[0m
[0;36m╚════════════════════════════════════════════════════════╝[0m

⏳ Próximo ciclo em 10s...

━━━━━━━━━━━━━━━━━━━━━━━━━━━━━━━━━━━━━━━━━━━━━━━━━━━━━
[1m🔄 CICLO #7[0m
━━━━━━━━━━━━━━━━━━━━━━━━━━━━━━━━━━━━━━━━━━━━━━━━━━━━━
[0;35m🥋 DOJO: Iniciando batalha adversarial...[0m
[0;32m⚔️  DOJO: Batalha #7 concluída[0m

[0;36m╔════════════════════════════════════════════════════════╗[0m
[0;36m║           📊 STATUS DO TREINAMENTO NOTURNO             ║[0m
[0;36m╠════════════════════════════════════════════════════════╣[0m
[0;36m║[0m  ⏱️  Tempo: [1;37m0h 9m[0m
[0;36m║[0m  ⚔️  Batalhas Dojo:      [0;35m7[0m
[0;36m║[0m  🏛️  Reuniões Council:   [0;36m2[0m
[0;36m║[0m  💬 Simulações:          [0;34m9[0m
[0;36m║[0m  🧬 Evoluções:           [0;32m1[0m
[0;36m║[0m  🛑 Parada:              [1;33m7:00[0m
[0;36m╚════════════════════════════════════════════════════════╝[0m

⏳ Próximo ciclo em 10s...

━━━━━━━━━━━━━━━━━━━━━━━━━━━━━━━━━━━━━━━━━━━━━━━━━━━━━
[1m🔄 CICLO #8[0m
━━━━━━━━━━━━━━━━━━━━━━━━━━━━━━━━━━━━━━━━━━━━━━━━━━━━━
[0;35m🥋 DOJO: Iniciando batalha adversarial...[0m
[0;32m⚔️  DOJO: Batalha #8 concluída[0m
[0;34m🎭 SIMULATOR: Iniciando simulação de conversas...[0m
[0;32m💬 SIMULATOR: +3 conversas simuladas (total: 12)[0m

[0;36m╔════════════════════════════════════════════════════════╗[0m
[0;36m║           📊 STATUS DO TREINAMENTO NOTURNO             ║[0m
[0;36m╠════════════════════════════════════════════════════════╣[0m
[0;36m║[0m  ⏱️  Tempo: [1;37m0h 10m[0m
[0;36m║[0m  ⚔️  Batalhas Dojo:      [0;35m8[0m
[0;36m║[0m  🏛️  Reuniões Council:   [0;36m2[0m
[0;36m║[0m  💬 Simulações:          [0;34m12[0m
[0;36m║[0m  🧬 Evoluções:           [0;32m1[0m
[0;36m║[0m  🛑 Parada:              [1;33m7:00[0m
[0;36m╚════════════════════════════════════════════════════════╝[0m

⏳ Próximo ciclo em 10s...

━━━━━━━━━━━━━━━━━━━━━━━━━━━━━━━━━━━━━━━━━━━━━━━━━━━━━
[1m🔄 CICLO #9[0m
━━━━━━━━━━━━━━━━━━━━━━━━━━━━━━━━━━━━━━━━━━━━━━━━━━━━━
[0;35m🥋 DOJO: Iniciando batalha adversarial...[0m
[0;32m⚔️  DOJO: Batalha #9 concluída[0m
[0;36m🏛️  COUNCIL: Iniciando reunião de agentes...[0m
[0;32m💬 COUNCIL: Reunião #3 concluída[0m

[0;36m╔════════════════════════════════════════════════════════╗[0m
[0;36m║           📊 STATUS DO TREINAMENTO NOTURNO             ║[0m
[0;36m╠════════════════════════════════════════════════════════╣[0m
[0;36m║[0m  ⏱️  Tempo: [1;37m0h 12m[0m
[0;36m║[0m  ⚔️  Batalhas Dojo:      [0;35m9[0m
[0;36m║[0m  🏛️  Reuniões Council:   [0;36m3[0m
[0;36m║[0m  💬 Simulações:          [0;34m12[0m
[0;36m║[0m  🧬 Evoluções:           [0;32m1[0m
[0;36m║[0m  🛑 Parada:              [1;33m7:00[0m
[0;36m╚════════════════════════════════════════════════════════╝[0m

⏳ Próximo ciclo em 10s...

━━━━━━━━━━━━━━━━━━━━━━━━━━━━━━━━━━━━━━━━━━━━━━━━━━━━━
[1m🔄 CICLO #10[0m
━━━━━━━━━━━━━━━━━━━━━━━━━━━━━━━━━━━━━━━━━━━━━━━━━━━━━
[0;35m🥋 DOJO: Iniciando batalha adversarial...[0m
[0;32m⚔️  DOJO: Batalha #10 concluída[0m
[0;34m🎭 SIMULATOR: Iniciando simulação de conversas...[0m
[0;32m💬 SIMULATOR: +3 conversas simuladas (total: 15)[0m
[0;32m🧬 EVOLVE: Processando aprendizados...[0m
[0;32m✨ EVOLVE: Ciclo #2 - Agentes evoluídos![0m
[0;34m🧠 DIGEST: Processando conhecimento...[0m

[0;36m╔════════════════════════════════════════════════════════╗[0m
[0;36m║           📊 STATUS DO TREINAMENTO NOTURNO             ║[0m
[0;36m╠════════════════════════════════════════════════════════╣[0m
[0;36m║[0m  ⏱️  Tempo: [1;37m0h 14m[0m
[0;36m║[0m  ⚔️  Batalhas Dojo:      [0;35m10[0m
[0;36m║[0m  🏛️  Reuniões Council:   [0;36m3[0m
[0;36m║[0m  💬 Simulações:          [0;34m15[0m
[0;36m║[0m  🧬 Evoluções:           [0;32m2[0m
[0;36m║[0m  🛑 Parada:              [1;33m7:00[0m
[0;36m╚════════════════════════════════════════════════════════╝[0m

⏳ Próximo ciclo em 10s...

━━━━━━━━━━━━━━━━━━━━━━━━━━━━━━━━━━━━━━━━━━━━━━━━━━━━━
[1m🔄 CICLO #11[0m
━━━━━━━━━━━━━━━━━━━━━━━━━━━━━━━━━━━━━━━━━━━━━━━━━━━━━
[0;35m🥋 DOJO: Iniciando batalha adversarial...[0m
[0;32m⚔️  DOJO: Batalha #11 concluída[0m

[0;36m╔════════════════════════════════════════════════════════╗[0m
[0;36m║           📊 STATUS DO TREINAMENTO NOTURNO             ║[0m
[0;36m╠════════════════════════════════════════════════════════╣[0m
[0;36m║[0m  ⏱️  Tempo: [1;37m0h 15m[0m
[0;36m║[0m  ⚔️  Batalhas Dojo:      [0;35m11[0m
[0;36m║[0m  🏛️  Reuniões Council:   [0;36m3[0m
[0;36m║[0m  💬 Simulações:          [0;34m15[0m
[0;36m║[0m  🧬 Evoluções:           [0;32m2[0m
[0;36m║[0m  🛑 Parada:              [1;33m7:00[0m
[0;36m╚════════════════════════════════════════════════════════╝[0m

⏳ Próximo ciclo em 10s...

━━━━━━━━━━━━━━━━━━━━━━━━━━━━━━━━━━━━━━━━━━━━━━━━━━━━━
[1m🔄 CICLO #12[0m
━━━━━━━━━━━━━━━━━━━━━━━━━━━━━━━━━━━━━━━━━━━━━━━━━━━━━
[0;35m🥋 DOJO: Iniciando batalha adversarial...[0m
[0;32m⚔️  DOJO: Batalha #12 concluída[0m
[0;36m🏛️  COUNCIL: Iniciando reunião de agentes...[0m
[0;32m💬 COUNCIL: Reunião #4 concluída[0m
[0;34m🎭 SIMULATOR: Iniciando simulação de conversas...[0m
[0;32m💬 SIMULATOR: +3 conversas simuladas (total: 18)[0m

[0;36m╔════════════════════════════════════════════════════════╗[0m
[0;36m║           📊 STATUS DO TREINAMENTO NOTURNO             ║[0m
[0;36m╠════════════════════════════════════════════════════════╣[0m
[0;36m║[0m  ⏱️  Tempo: [1;37m0h 17m[0m
[0;36m║[0m  ⚔️  Batalhas Dojo:      [0;35m12[0m
[0;36m║[0m  🏛️  Reuniões Council:   [0;36m4[0m
[0;36m║[0m  💬 Simulações:          [0;34m18[0m
[0;36m║[0m  🧬 Evoluções:           [0;32m2[0m
[0;36m║[0m  🛑 Parada:              [1;33m7:00[0m
[0;36m╚════════════════════════════════════════════════════════╝[0m

⏳ Próximo ciclo em 10s...

━━━━━━━━━━━━━━━━━━━━━━━━━━━━━━━━━━━━━━━━━━━━━━━━━━━━━
[1m🔄 CICLO #13[0m
━━━━━━━━━━━━━━━━━━━━━━━━━━━━━━━━━━━━━━━━━━━━━━━━━━━━━
[0;35m🥋 DOJO: Iniciando batalha adversarial...[0m
[0;32m⚔️  DOJO: Batalha #13 concluída[0m

[0;36m╔════════════════════════════════════════════════════════╗[0m
[0;36m║           📊 STATUS DO TREINAMENTO NOTURNO             ║[0m
[0;36m╠════════════════════════════════════════════════════════╣[0m
[0;36m║[0m  ⏱️  Tempo: [1;37m0h 18m[0m
[0;36m║[0m  ⚔️  Batalhas Dojo:      [0;35m13[0m
[0;36m║[0m  🏛️  Reuniões Council:   [0;36m4[0m
[0;36m║[0m  💬 Simulações:          [0;34m18[0m
[0;36m║[0m  🧬 Evoluções:           [0;32m2[0m
[0;36m║[0m  🛑 Parada:              [1;33m7:00[0m
[0;36m╚════════════════════════════════════════════════════════╝[0m

⏳ Próximo ciclo em 10s...

━━━━━━━━━━━━━━━━━━━━━━━━━━━━━━━━━━━━━━━━━━━━━━━━━━━━━
[1m🔄 CICLO #14[0m
━━━━━━━━━━━━━━━━━━━━━━━━━━━━━━━━━━━━━━━━━━━━━━━━━━━━━
[0;35m🥋 DOJO: Iniciando batalha adversarial...[0m
[0;32m⚔️  DOJO: Batalha #14 concluída[0m
[0;34m🎭 SIMULATOR: Iniciando simulação de conversas...[0m
